<?xml version="1.0" encoding="UTF-8"?>
<testsuite xmlns:xsi="http://www.w3.org/2001/XMLSchema-instance" xsi:noNamespaceSchemaLocation="https://maven.apache.org/surefire/maven-surefire-plugin/xsd/surefire-test-report.xsd" name="milestone2.Milestone2_Artifact.AppTest" time="1.119" tests="1" errors="0" skipped="0" failures="0">
  <properties>
[...]
</properties>
  <testcase name="shouldAnswerWithTrue on shouldAnswerWithTrue(milestone2.Milestone2_Artifact.AppTest)" classname="milestone2.Milestone2_Artifact.AppTest" time="0.005"/>
</testsuite>